<?xml version="1.0" encoding="UTF-8" ?>
<testsuite tests="4" failures="1" name="se.nackademin.librarytest.SelenideTest" time="109.394" errors="0" skipped="3">
  <properties>
[...]
</properties>
  <testcase classname="se.nackademin.librarytest.SelenideTest" name="borrowAndReturnBookTest" time="0">
    <skipped/>
  </testcase>
  <testcase classname="se.nackademin.librarytest.SelenideTest" name="createNewBookTest" time="109.269">
    <failure message="Element not found {.v-grid-tablewrapper}
Expected: exist" type="Element not found {.v-grid-tablewrapper}
Expected">Element not found {.v-grid-tablewrapper}
Expected: exist
Screenshot: file:/home/jesper/git/librarytest/selenidetest/build/reports/tests/1496155442712.2.png
Timeout: 4 s.
Caused by: NoSuchElementException: no such element: Unable to locate element: {&quot;method&quot;:&quot;css selector&quot;,&quot;selector&quot;:&quot;.v-grid-tablewrapper&quot;}
	at com.codeborne.selenide.impl.WebElementSource.createElementNotFoundError(WebElementSource.java:31)
	at com.codeborne.selenide.impl.ElementFinder.createElementNotFoundError(ElementFinder.java:82)
	at com.codeborne.selenide.impl.WebElementSource.checkCondition(WebElementSource.java:59)
	at com.codeborne.selenide.commands.Should.should(Should.java:35)
	at com.codeborne.selenide.commands.Should.execute(Should.java:29)
	at com.codeborne.selenide.commands.Should.execute(Should.java:12)
	at com.codeborne.selenide.commands.Commands.execute(Commands.java:136)
	at com.codeborne.selenide.impl.SelenideElementProxy.dispatchAndRetry(SelenideElementProxy.java:82)
	at com.codeborne.selenide.impl.SelenideElementProxy.invoke(SelenideElementProxy.java:58)
	at com.sun.proxy.$Proxy8.should(Unknown Source)
	at com.codeborne.selenide.impl.ElementFinder.createElementNotFoundError(ElementFinder.java:76)
	at com.codeborne.selenide.impl.WebElementSource.checkCondition(WebElementSource.java:59)
	at com.codeborne.selenide.commands.Should.should(Should.java:35)
	at com.codeborne.selenide.commands.Should.execute(Should.java:29)
	at com.codeborne.selenide.commands.Should.execute(Should.java:12)
	at com.codeborne.selenide.commands.Commands.execute(Commands.java:136)
	at com.codeborne.selenide.impl.SelenideElementProxy.dispatchAndRetry(SelenideElementProxy.java:82)
	at com.codeborne.selenide.impl.SelenideElementProxy.invoke(SelenideElementProxy.java:58)
	at com.sun.proxy.$Proxy8.should(Unknown Source)
	at com.codeborne.selenide.impl.ElementFinder.createElementNotFoundError(ElementFinder.java:76)
	at com.codeborne.selenide.impl.SelenideElementProxy.dispatchAndRetry(SelenideElementProxy.java:107)
	at com.codeborne.selenide.impl.SelenideElementProxy.invoke(SelenideElementProxy.java:58)
	at com.sun.proxy.$Proxy8.getText(Unknown Source)
	at se.nackademin.librarytest.helpers.Table.getCellValue(Table.java:28)
	at se.nackademin.librarytest.helpers.BookHelper.confirmBookExist(BookHelper.java:145)
	at se.nackademin.librarytest.SelenideTest.createNewBookTest(SelenideTest.java:51)
	at sun.reflect.NativeMethodAccessorImpl.invoke0(Native Method)
	at sun.reflect.NativeMethodAccessorImpl.invoke(NativeMethodAccessorImpl.java:62)
	at sun.reflect.DelegatingMethodAccessorImpl.invoke(DelegatingMethodAccessorImpl.java:43)
	at java.lang.reflect.Method.invoke(Method.java:498)
	at org.junit.runners.model.FrameworkMethod$1.runReflectiveCall(FrameworkMethod.java:50)
	at org.junit.internal.runners.model.ReflectiveCallable.run(ReflectiveCallable.java:12)
	at org.junit.runners.model.FrameworkMethod.invokeExplosively(FrameworkMethod.java:47)
	at org.junit.internal.runners.statements.InvokeMethod.evaluate(InvokeMethod.java:17)
	at org.junit.internal.runners.statements.RunBefores.evaluate(RunBefores.java:26)
	at org.junit.internal.runners.statements.RunAfters.evaluate(RunAfters.java:27)
	at org.junit.runners.ParentRunner.runLeaf(ParentRunner.java:325)
	at org.junit.runners.BlockJUnit4ClassRunner.runChild(BlockJUnit4ClassRunner.java:78)
	at org.junit.runners.BlockJUnit4ClassRunner.runChild(BlockJUnit4ClassRunner.java:57)
	at org.junit.runners.ParentRunner$3.run(ParentRunner.java:290)
	at org.junit.runners.ParentRunner$1.schedule(ParentRunner.java:71)
	at org.junit.runners.ParentRunner.runChildren(ParentRunner.java:288)
	at org.junit.runners.ParentRunner.access$000(ParentRunner.java:58)
	at org.junit.runners.ParentRunner$2.evaluate(ParentRunner.java:268)
	at org.junit.runners.ParentRunner.run(ParentRunner.java:363)
	at org.apache.maven.surefire.junit4.JUnit4TestSet.execute(JUnit4TestSet.java:53)
	at org.apache.maven.surefire.junit4.JUnit4Provider.executeTestSet(JUnit4Provider.java:123)
	at org.apache.maven.surefire.junit4.JUnit4Provider.invoke(JUnit4Provider.java:104)
	at sun.reflect.NativeMethodAccessorImpl.invoke0(Native Method)
	at sun.reflect.NativeMethodAccessorImpl.invoke(NativeMethodAccessorImpl.java:62)
	at sun.reflect.DelegatingMethodAccessorImpl.invoke(DelegatingMethodAccessorImpl.java:43)
	at java.lang.reflect.Method.invoke(Method.java:498)
	at org.apache.maven.surefire.util.ReflectionUtils.invokeMethodWithArray(ReflectionUtils.java:164)
	at org.apache.maven.surefire.booter.ProviderFactory$ProviderProxy.invoke(ProviderFactory.java:110)
	at org.apache.maven.surefire.booter.SurefireStarter.invokeProvider(SurefireStarter.java:175)
	at org.apache.maven.surefire.booter.SurefireStarter.runSuitesInProcessWhenForked(SurefireStarter.java:107)
	at org.apache.maven.surefire.booter.ForkedBooter.main(ForkedBooter.java:68)
Caused by: org.openqa.selenium.NoSuchElementException: no such element: Unable to locate element: {&quot;method&quot;:&quot;css selector&quot;,&quot;selector&quot;:&quot;.v-grid-tablewrapper&quot;}
  (Session info: chrome=58.0.3029.81)
  (Driver info: chromedriver=2.29.461599 (8cfe70b3bca63aec509c39bf48c384e7eba3372b),platform=Linux 4.4.0-31-generic x86) (WARNING: The server did not provide any stacktrace information)
Command duration or timeout: 39 milliseconds
For documentation on this error, please visit: http://seleniumhq.org/exceptions/no_such_element.html
Build info: version: &apos;2.53.0&apos;, revision: &apos;35ae25b1534ae328c771e0856c93e187490ca824&apos;, time: &apos;2016-03-15 10:43:46&apos;
System info: host: &apos;jesper-VirtualBox&apos;, ip: &apos;127.0.1.1&apos;, os.name: &apos;Linux&apos;, os.arch: &apos;i386&apos;, os.version: &apos;4.4.0-31-generic&apos;, java.version: &apos;1.8.0_121&apos;
Driver info: org.openqa.selenium.chrome.ChromeDriver
Capabilities [{applicationCacheEnabled=false, rotatable=false, mobileEmulationEnabled=false, networkConnectionEnabled=false, chrome={chromedriverVersion=2.29.461599 (8cfe70b3bca63aec509c39bf48c384e7eba3372b), userDataDir=/tmp/.org.chromium.Chromium.IevESk}, takesHeapSnapshot=true, pageLoadStrategy=none, databaseEnabled=false, handlesAlerts=true, hasTouchScreen=false, version=58.0.3029.81, platform=LINUX, browserConnectionEnabled=false, nativeEvents=true, acceptSslCerts=true, locationContextEnabled=true, webStorageEnabled=true, browserName=chrome, takesScreenshot=true, javascriptEnabled=true, cssSelectorsEnabled=true, unexpectedAlertBehaviour=}]
Session ID: 5926e7f0a49ecc2614b152bafbefdd8f
*** Element info: {Using=css selector, value=.v-grid-tablewrapper}
	at sun.reflect.GeneratedConstructorAccessor11.newInstance(Unknown Source)
	at sun.reflect.DelegatingConstructorAccessorImpl.newInstance(DelegatingConstructorAccessorImpl.java:45)
	at java.lang.reflect.Constructor.newInstance(Constructor.java:423)
	at org.openqa.selenium.remote.ErrorHandler.createThrowable(ErrorHandler.java:206)
	at org.openqa.selenium.remote.ErrorHandler.throwIfResponseFailed(ErrorHandler.java:158)
	at org.openqa.selenium.remote.RemoteWebDriver.execute(RemoteWebDriver.java:678)
	at org.openqa.selenium.remote.RemoteWebDriver.findElement(RemoteWebDriver.java:363)
	at org.openqa.selenium.remote.RemoteWebDriver.findElementByCssSelector(RemoteWebDriver.java:492)
	at org.openqa.selenium.By$ByCssSelector.findElement(By.java:430)
	at org.openqa.selenium.remote.RemoteWebDriver.findElement(RemoteWebDriver.java:355)
	at com.codeborne.selenide.impl.WebElementSelector.findElement(WebElementSelector.java:28)
	at com.codeborne.selenide.impl.ElementFinder.getWebElement(ElementFinder.java:56)
	at com.codeborne.selenide.impl.WebElementSource.checkCondition(WebElementSource.java:44)
	... 54 more
</failure>
    <system-err>Starting ChromeDriver 2.29.461599 (8cfe70b3bca63aec509c39bf48c384e7eba3372b) on port 14072
Only local connections are allowed.
May 30, 2017 4:42:35 PM com.codeborne.selenide.webdriver.WebDriverFactory createWebDriver
INFO: BrowserName=chrome Version=58.0.3029.81 Platform=LINUX
May 30, 2017 4:42:35 PM com.codeborne.selenide.webdriver.WebDriverFactory createWebDriver
INFO: Selenide v. 3.5.1
May 30, 2017 4:42:35 PM com.codeborne.selenide.webdriver.WebDriverFactory createWebDriver
INFO: Selenium WebDriver v. 2.53.0 build time: 2016-03-15 10:43:46
May 30, 2017 4:42:35 PM com.codeborne.selenide.impl.WebDriverThreadLocalContainer createDriver
INFO: Create webdriver in current thread 1: ChromeDriver -&gt; ChromeDriver: chrome on LINUX (5926e7f0a49ecc2614b152bafbefdd8f)
May 30, 2017 4:42:37 PM se.nackademin.librarytest.pages.PageBase clickButton
INFO: Clicking sign in
May 30, 2017 4:42:39 PM se.nackademin.librarytest.pages.PageBase setTextFieldValue
INFO: Setting user field  to admin
May 30, 2017 4:42:41 PM se.nackademin.librarytest.pages.PageBase setTextFieldValue
INFO: Setting password field  to 1234567890
May 30, 2017 4:42:42 PM se.nackademin.librarytest.pages.PageBase clickButton
INFO: Clicking login
May 30, 2017 4:42:43 PM se.nackademin.librarytest.pages.PageBase clickButton
INFO: Clicking add book
May 30, 2017 4:42:47 PM se.nackademin.librarytest.pages.PageBase setTextFieldValue
INFO: Setting title to f679ff4a-2161-442c-8734-2bc6abf40d59
May 30, 2017 4:42:49 PM se.nackademin.librarytest.pages.PageBase setTextFieldValue
INFO: Setting description to 4d5ee21a-8647-4449-b675-3a713494379d
May 30, 2017 4:42:51 PM se.nackademin.librarytest.pages.PageBase setTextFieldValue
INFO: Setting numberOfPagesField to 500
May 30, 2017 4:42:52 PM se.nackademin.librarytest.pages.PageBase setTextFieldValue
INFO: Setting isbn to 0-575-01587-X
May 30, 2017 4:42:53 PM se.nackademin.librarytest.pages.PageBase setTextFieldValue
INFO: Setting numberInInventoryField to 55
May 30, 2017 4:42:55 PM se.nackademin.librarytest.pages.PageBase setTextFieldValue
INFO: Setting datePublished to 1999-10-15
May 30, 2017 4:42:56 PM se.nackademin.librarytest.pages.PageBase clickButton
INFO: Clicking add book button
May 30, 2017 4:42:58 PM se.nackademin.librarytest.pages.PageBase clickButton
INFO: Clicking browse books
May 30, 2017 4:43:00 PM se.nackademin.librarytest.pages.PageBase setTextFieldValue
INFO: Setting title to f679ff4a-2161-442c-8734-2bc6abf40d59
May 30, 2017 4:43:01 PM se.nackademin.librarytest.pages.PageBase clickButton
INFO: Clicking search book button
May 30, 2017 4:43:05 PM se.nackademin.librarytest.pages.PageBase getValue
INFO: Return title: f679ff4a-2161-442c-8734-2bc6abf40d59
May 30, 2017 4:43:06 PM se.nackademin.librarytest.pages.PageBase getValue
INFO: Return author: Robert A. Heinlein
May 30, 2017 4:43:07 PM se.nackademin.librarytest.pages.PageBase getValue
INFO: Return description: 4d5ee21a-8647-4449-b675-3a713494379d
May 30, 2017 4:43:08 PM se.nackademin.librarytest.pages.PageBase getValue
INFO: Return isbn: 0-575-01587-X
May 30, 2017 4:43:09 PM se.nackademin.librarytest.pages.PageBase getValue
INFO: Return published date: 1999-10-15
May 30, 2017 4:43:11 PM se.nackademin.librarytest.pages.PageBase getValue
INFO: Return copies availible: 55
May 30, 2017 4:43:12 PM se.nackademin.librarytest.pages.PageBase getValue
INFO: Return total copies availible: 55
May 30, 2017 4:43:13 PM se.nackademin.librarytest.pages.PageBase clickButton
INFO: Clicking browse books
May 30, 2017 4:43:14 PM se.nackademin.librarytest.pages.PageBase setTextFieldValue
INFO: Setting title to f679ff4a-2161-442c-8734-2bc6abf40d59
May 30, 2017 4:43:16 PM se.nackademin.librarytest.pages.PageBase clickButton
INFO: Clicking search book button
May 30, 2017 4:43:18 PM se.nackademin.librarytest.pages.PageBase clickButton
INFO: Clicking edit book
May 30, 2017 4:43:20 PM se.nackademin.librarytest.pages.PageBase setTextFieldValue
INFO: Setting title to d250d98c-1365-46ec-a9ca-df77c1c4b04b
May 30, 2017 4:43:22 PM se.nackademin.librarytest.pages.PageBase setTextFieldValue
INFO: Setting description to 8f8a4e0b-e08e-408e-be32-1db1f133626a
May 30, 2017 4:43:24 PM se.nackademin.librarytest.pages.PageBase setTextFieldValue
INFO: Setting numberOfPagesField to 400
May 30, 2017 4:43:25 PM se.nackademin.librarytest.pages.PageBase setTextFieldValue
INFO: Setting isbn to 9-575-55555-X
May 30, 2017 4:43:26 PM se.nackademin.librarytest.pages.PageBase setTextFieldValue
INFO: Setting numberInInventoryField to 65
May 30, 2017 4:43:28 PM se.nackademin.librarytest.pages.PageBase setTextFieldValue
INFO: Setting datePublished to 1985-10-15
May 30, 2017 4:43:29 PM se.nackademin.librarytest.pages.PageBase clickButton
INFO: Clicking save changes
May 30, 2017 4:43:33 PM se.nackademin.librarytest.pages.PageBase clickButton
INFO: Clicking browse books
May 30, 2017 4:43:34 PM se.nackademin.librarytest.pages.PageBase setTextFieldValue
INFO: Setting title to d250d98c-1365-46ec-a9ca-df77c1c4b04b
May 30, 2017 4:43:36 PM se.nackademin.librarytest.pages.PageBase clickButton
INFO: Clicking search book button
May 30, 2017 4:43:39 PM se.nackademin.librarytest.pages.PageBase getValue
INFO: Return title: d250d98c-1365-46ec-a9ca-df77c1c4b04b
May 30, 2017 4:43:40 PM se.nackademin.librarytest.pages.PageBase getValue
INFO: Return author: Robert A. Heinlein
May 30, 2017 4:43:41 PM se.nackademin.librarytest.pages.PageBase getValue
INFO: Return description: 8f8a4e0b-e08e-408e-be32-1db1f133626a
May 30, 2017 4:43:42 PM se.nackademin.librarytest.pages.PageBase getValue
INFO: Return isbn: 9-575-55555-X
May 30, 2017 4:43:43 PM se.nackademin.librarytest.pages.PageBase getValue
INFO: Return published date: 1985-10-15
May 30, 2017 4:43:44 PM se.nackademin.librarytest.pages.PageBase getValue
INFO: Return copies availible: 65
May 30, 2017 4:43:45 PM se.nackademin.librarytest.pages.PageBase getValue
INFO: Return total copies availible: 65
May 30, 2017 4:43:46 PM se.nackademin.librarytest.pages.PageBase clickButton
INFO: Clicking delete book
May 30, 2017 4:43:48 PM se.nackademin.librarytest.pages.PageBase clickButton
INFO: Clicking yes
May 30, 2017 4:43:49 PM se.nackademin.librarytest.pages.PageBase clickButton
INFO: Clicking browse books
May 30, 2017 4:43:50 PM se.nackademin.librarytest.pages.PageBase setTextFieldValue
INFO: Setting title to d250d98c-1365-46ec-a9ca-df77c1c4b04b
May 30, 2017 4:43:52 PM se.nackademin.librarytest.pages.PageBase clickButton
INFO: Clicking search book button
</system-err>
  </testcase>
  <testcase classname="se.nackademin.librarytest.SelenideTest" name="createNewAuthorTest" time="109.269">
    <skipped/>
  </testcase>
  <testcase classname="se.nackademin.librarytest.SelenideTest" name="createNewUserTest" time="109.269">
    <skipped/>
  </testcase>
</testsuite>